<?xml version="1.0" encoding="UTF-8"?>
<testng-results ignored="0" total="1" passed="1" failed="0" skipped="0">
  <reporter-output>
  </reporter-output>
  <suite started-at="2023-12-30T21:26:53 GMT" name="Surefire suite" finished-at="2023-12-30T21:27:49 GMT" duration-ms="55310">
    <groups>
      <group name="cucumber">
        <method signature="AbstractTestNGCucumberTests.runScenario(io.cucumber.testng.PickleWrapper,io.cucumber.testng.FeatureWrapper)[pri:0, instance:com.automationexercise.runner.RunCukeTest@29626d54]" name="runScenario" class="io.cucumber.testng.AbstractTestNGCucumberTests"/>
      </group> <!-- cucumber -->
    </groups>
    <test started-at="2023-12-30T21:26:53 GMT" name="Surefire test" finished-at="2023-12-30T21:27:49 GMT" duration-ms="55310">
      <class name="com.automationexercise.runner.RunCukeTest">
        <test-method is-config="true" signature="setUpClass(org.testng.ITestContext)[pri:0, instance:com.automationexercise.runner.RunCukeTest@29626d54]" started-at="2023-12-30T21:26:54 GMT" name="setUpClass" finished-at="2023-12-30T21:27:00 GMT" duration-ms="6490" status="PASS">
          <params>
            <param index="0">
              <value>
                <![CDATA[org.testng.TestRunner@4ede8888]]>
              </value>
            </param>
          </params>
          <reporter-output>
          </reporter-output>
        </test-method> <!-- setUpClass -->
        <test-method signature="runScenario(io.cucumber.testng.PickleWrapper,io.cucumber.testng.FeatureWrapper)[pri:0, instance:com.automationexercise.runner.RunCukeTest@29626d54]" started-at="2023-12-30T21:27:00 GMT" name="runScenario" description="Runs Cucumber Scenarios" data-provider="scenarios" finished-at="2023-12-30T21:27:25 GMT" duration-ms="24493" status="PASS">
          <params>
            <param index="0">
              <value>
                <![CDATA["User should register successfully"]]>
              </value>
            </param>
            <param index="1">
              <value>
                <![CDATA["As a user"]]>
              </value>
            </param>
          </params>
          <reporter-output>
          </reporter-output>
        </test-method> <!-- runScenario -->
        <test-method is-config="true" signature="tearDownClass()[pri:0, instance:com.automationexercise.runner.RunCukeTest@29626d54]" started-at="2023-12-30T21:27:25 GMT" name="tearDownClass" finished-at="2023-12-30T21:27:49 GMT" duration-ms="24001" status="PASS">
          <reporter-output>
          </reporter-output>
        </test-method> <!-- tearDownClass -->
      </class> <!-- com.automationexercise.runner.RunCukeTest -->
    </test> <!-- Surefire test -->
  </suite> <!-- Surefire suite -->
</testng-results>
